<?xml version="1.0" encoding="UTF-8"?>
<!-- Generated by org.testng.reporters.JUnitReportReporter -->
<testsuite skipped="0" hostname="Niveditas-MacBook-Air.local" name="com.actitime.automaion.ActitimeFunctionalAutomation.homePage.Tc001InvalidLogin" tests="1" failures="0" timestamp="13 Apr 2018 22:10:30 GMT" time="3.812" errors="0">
  <testcase name="InvalidLogin" time="3.812" classname="com.actitime.automaion.ActitimeFunctionalAutomation.homePage.Tc001InvalidLogin"/>
</testsuite> <!-- com.actitime.automaion.ActitimeFunctionalAutomation.homePage.Tc001InvalidLogin -->
